   1              		.cpu cortex-m4
   2              		.arch armv7e-m
   3              		.fpu fpv4-sp-d16
   4              		.eabi_attribute 27, 1
   5              		.eabi_attribute 20, 1
   6              		.eabi_attribute 21, 1
   7              		.eabi_attribute 23, 3
   8              		.eabi_attribute 24, 1
   9              		.eabi_attribute 25, 1
  10              		.eabi_attribute 26, 1
  11              		.eabi_attribute 30, 2
  12              		.eabi_attribute 34, 1
  13              		.eabi_attribute 18, 4
  14              		.file	"HANcoder_E407_DS_HTE_data.c"
  15              		.text
  16              	.Ltext0:
  17              		.cfi_sections	.debug_frame
  18              		.global	rtConstP
  19              		.section	.rodata.rtConstP,"a"
  20              		.align	2
  23              	rtConstP:
  24 0000 00000000 		.space	8
  24      00000000 
  25              		.text
  26              	.Letext0:
  27              		.file 1 "rtwtypes.h"
  28              		.file 2 "c:\\program files (x86)\\gnu arm embedded toolchain\\10 2021.10\\arm-none-eabi\\include\\
  29              		.file 3 "c:\\program files (x86)\\gnu arm embedded toolchain\\10 2021.10\\arm-none-eabi\\include\\
  30              		.file 4 "multiword_types.h"
  31              		.file 5 "HANcoder_E407_DS_HTE.h"
  32              		.file 6 "HANcoder_E407_DS_HTE_data.c"
DEFINED SYMBOLS
                            *ABS*:00000000 HANcoder_E407_DS_HTE_data.c
C:\Users\joeri\AppData\Local\Temp\ccz2hy3Z.s:23     .rodata.rtConstP:00000000 rtConstP
C:\Users\joeri\AppData\Local\Temp\ccz2hy3Z.s:20     .rodata.rtConstP:00000000 $d

NO UNDEFINED SYMBOLS
